[10:44:46 AM] › [CLI] …  awaiting  Starting Prism…
[10:44:46 AM] › [CLI] ℹ  info      POST       http://127.0.0.1:4010/v1/code_handles
[10:44:46 AM] › [CLI] ℹ  info      GET        http://127.0.0.1:4010/v1/code_handles
[10:44:46 AM] › [CLI] ℹ  info      POST       http://127.0.0.1:4010/v1/devboxes
[10:44:46 AM] › [CLI] ℹ  info      GET        http://127.0.0.1:4010/v1/devboxes
[10:44:46 AM] › [CLI] ℹ  info      GET        http://127.0.0.1:4010/v1/devboxes/molestiae
[10:44:46 AM] › [CLI] ℹ  info      GET        http://127.0.0.1:4010/v1/devboxes/nesciunt/logs
[10:44:46 AM] › [CLI] ℹ  info      POST       http://127.0.0.1:4010/v1/devboxes/earum/shutdown
[10:44:46 AM] › [CLI] ℹ  info      GET        http://127.0.0.1:4010/v1/functions
[10:44:46 AM] › [CLI] ℹ  info      GET        http://127.0.0.1:4010/v1/functions/invocations
[10:44:46 AM] › [CLI] ℹ  info      GET        http://127.0.0.1:4010/v1/functions/invocations/occaecati
[10:44:46 AM] › [CLI] ℹ  info      POST       http://127.0.0.1:4010/v1/functions/invocations/reprehenderit/kill
[10:44:46 AM] › [CLI] ℹ  info      GET        http://127.0.0.1:4010/v1/functions/invocations/alias/spans
[10:44:46 AM] › [CLI] ℹ  info      GET        http://127.0.0.1:4010/v1/functions/openapi
[10:44:46 AM] › [CLI] ℹ  info      POST       http://127.0.0.1:4010/v1/functions/fuga/quasi/invoke_async
[10:44:46 AM] › [CLI] ℹ  info      POST       http://127.0.0.1:4010/v1/functions/aperiam/amet/invoke_sync
[10:44:46 AM] › [CLI] ℹ  info      POST       http://127.0.0.1:4010/v1/latches/porro
[10:44:46 AM] › [CLI] ℹ  info      GET        http://127.0.0.1:4010/v1/projects
[10:44:46 AM] › [CLI] ℹ  info      GET        http://127.0.0.1:4010/v1/projects/cupiditate/logs
[10:44:46 AM] › [CLI] ℹ  info      GET        http://127.0.0.1:4010/v1/sessions/sessions
[10:44:46 AM] › [CLI] ℹ  info      POST       http://127.0.0.1:4010/v1/sessions/sessions
[10:44:46 AM] › [CLI] ℹ  info      GET        http://127.0.0.1:4010/v1/sessions/sessions/sint/kv
[10:44:46 AM] › [CLI] ▶  start     Prism is listening on http://127.0.0.1:4010
[10:44:46 AM] › [HTTP SERVER] get / ℹ  info      Request received
[10:44:46 AM] › [HTTP SERVER] get / ✖  error     Request terminated with error: https://stoplight.io/prism/errors#NO_PATH_MATCHED_ERROR: Route not resolved, no path matched
[10:44:46 AM] › [HTTP SERVER] post /v1/functions/invocations/string/kill ℹ  info      Request received
[10:44:46 AM] ›     [NEGOTIATOR] ℹ  info      Request contains an accept header: application/json
[10:44:46 AM] ›     [VALIDATOR] ✔  success   The request passed the validation rules. Looking for the best response
[10:44:46 AM] ›     [NEGOTIATOR] ✔  success   Found a compatible content for application/json
[10:44:46 AM] ›     [NEGOTIATOR] ✔  success   Responding with the requested status code 200
[10:44:46 AM] ›     [NEGOTIATOR] ℹ  info      > Responding with "200"
[10:44:46 AM] › [HTTP SERVER] post /v1/functions/string/string/invoke_async ℹ  info      Request received
[10:44:46 AM] ›     [NEGOTIATOR] ℹ  info      Request contains an accept header: application/json
[10:44:46 AM] ›     [VALIDATOR] ✔  success   The request passed the validation rules. Looking for the best response
[10:44:46 AM] ›     [NEGOTIATOR] ✔  success   Found a compatible content for application/json
[10:44:46 AM] ›     [NEGOTIATOR] ✔  success   Responding with the requested status code 200
[10:44:46 AM] ›     [NEGOTIATOR] ℹ  info      > Responding with "200"
[10:44:46 AM] › [HTTP SERVER] post /_stainless_unknown_path ℹ  info      Request received
[10:44:46 AM] › [HTTP SERVER] post /_stainless_unknown_path ✖  error     Request terminated with error: https://stoplight.io/prism/errors#NO_PATH_MATCHED_ERROR: Route not resolved, no path matched
[10:44:46 AM] › [HTTP SERVER] post /v1/functions/string/string/invoke_async ℹ  info      Request received
[10:44:46 AM] ›     [NEGOTIATOR] ℹ  info      Request contains an accept header: application/json
[10:44:46 AM] ›     [VALIDATOR] ✔  success   The request passed the validation rules. Looking for the best response
[10:44:46 AM] ›     [NEGOTIATOR] ✔  success   Found a compatible content for application/json
[10:44:46 AM] ›     [NEGOTIATOR] ✔  success   Responding with the requested status code 200
[10:44:46 AM] ›     [NEGOTIATOR] ℹ  info      > Responding with "200"
[10:44:46 AM] › [HTTP SERVER] post /v1/functions/string/string/invoke_sync ℹ  info      Request received
[10:44:46 AM] ›     [NEGOTIATOR] ℹ  info      Request contains an accept header: application/json
[10:44:46 AM] ›     [VALIDATOR] ✔  success   The request passed the validation rules. Looking for the best response
[10:44:46 AM] ›     [NEGOTIATOR] ✔  success   Found a compatible content for application/json
[10:44:46 AM] ›     [NEGOTIATOR] ✔  success   Responding with the requested status code 200
[10:44:46 AM] ›     [NEGOTIATOR] ℹ  info      > Responding with "200"
[10:44:46 AM] › [HTTP SERVER] post /v1/functions/string/string/invoke_sync ℹ  info      Request received
[10:44:46 AM] ›     [NEGOTIATOR] ℹ  info      Request contains an accept header: application/json
[10:44:46 AM] ›     [VALIDATOR] ✔  success   The request passed the validation rules. Looking for the best response
[10:44:46 AM] ›     [NEGOTIATOR] ✔  success   Found a compatible content for application/json
[10:44:46 AM] ›     [NEGOTIATOR] ✔  success   Responding with the requested status code 200
[10:44:46 AM] ›     [NEGOTIATOR] ℹ  info      > Responding with "200"
[10:44:47 AM] › [HTTP SERVER] post /v1/latches/string ℹ  info      Request received
[10:44:47 AM] ›     [NEGOTIATOR] ℹ  info      Request contains an accept header: application/json
[10:44:47 AM] ›     [VALIDATOR] ✔  success   The request passed the validation rules. Looking for the best response
[10:44:47 AM] ›     [NEGOTIATOR] ✔  success   Found a compatible content for application/json
[10:44:47 AM] ›     [NEGOTIATOR] ✔  success   Responding with the requested status code 200
[10:44:47 AM] ›     [NEGOTIATOR] ℹ  info      > Responding with "200"
[10:44:47 AM] › [HTTP SERVER] post /v1/latches/string ℹ  info      Request received
[10:44:47 AM] ›     [NEGOTIATOR] ℹ  info      Request contains an accept header: application/json
[10:44:47 AM] ›     [VALIDATOR] ✔  success   The request passed the validation rules. Looking for the best response
[10:44:47 AM] ›     [NEGOTIATOR] ✔  success   Found a compatible content for application/json
[10:44:47 AM] ›     [NEGOTIATOR] ✔  success   Responding with the requested status code 200
[10:44:47 AM] ›     [NEGOTIATOR] ℹ  info      > Responding with "200"
[10:44:47 AM] › [HTTP SERVER] post /v1/code_handles ℹ  info      Request received
[10:44:47 AM] ›     [NEGOTIATOR] ℹ  info      Request contains an accept header: application/json
[10:44:47 AM] ›     [VALIDATOR] ✔  success   The request passed the validation rules. Looking for the best response
[10:44:47 AM] ›     [NEGOTIATOR] ✔  success   Found a compatible content for application/json
[10:44:47 AM] ›     [NEGOTIATOR] ✔  success   Responding with the requested status code 200
[10:44:47 AM] ›     [NEGOTIATOR] ℹ  info      > Responding with "200"
[10:44:47 AM] › [HTTP SERVER] post /_stainless_unknown_path ℹ  info      Request received
[10:44:47 AM] › [HTTP SERVER] post /_stainless_unknown_path ✖  error     Request terminated with error: https://stoplight.io/prism/errors#NO_PATH_MATCHED_ERROR: Route not resolved, no path matched
[10:44:47 AM] › [HTTP SERVER] post /_stainless_unknown_path ℹ  info      Request received
[10:44:47 AM] › [HTTP SERVER] post /_stainless_unknown_path ✖  error     Request terminated with error: https://stoplight.io/prism/errors#NO_PATH_MATCHED_ERROR: Route not resolved, no path matched
[10:44:47 AM] › [HTTP SERVER] get /v1/code_handles ℹ  info      Request received
[10:44:47 AM] ›     [NEGOTIATOR] ℹ  info      Request contains an accept header: application/json
[10:44:47 AM] ›     [VALIDATOR] ✔  success   The request passed the validation rules. Looking for the best response
[10:44:47 AM] ›     [NEGOTIATOR] ✔  success   Found a compatible content for application/json
[10:44:47 AM] ›     [NEGOTIATOR] ✔  success   Responding with the requested status code 200
[10:44:47 AM] ›     [NEGOTIATOR] ℹ  info      > Responding with "200"
[10:44:47 AM] › [HTTP SERVER] get /_stainless_unknown_path ℹ  info      Request received
[10:44:47 AM] › [HTTP SERVER] get /_stainless_unknown_path ✖  error     Request terminated with error: https://stoplight.io/prism/errors#NO_PATH_MATCHED_ERROR: Route not resolved, no path matched
[10:44:47 AM] › [HTTP SERVER] get /_stainless_unknown_path ℹ  info      Request received
[10:44:47 AM] › [HTTP SERVER] get /_stainless_unknown_path ✖  error     Request terminated with error: https://stoplight.io/prism/errors#NO_PATH_MATCHED_ERROR: Route not resolved, no path matched
[10:44:47 AM] › [HTTP SERVER] post /_stainless_unknown_path ℹ  info      Request received
[10:44:47 AM] › [HTTP SERVER] post /_stainless_unknown_path ✖  error     Request terminated with error: https://stoplight.io/prism/errors#NO_PATH_MATCHED_ERROR: Route not resolved, no path matched
[10:44:47 AM] › [HTTP SERVER] post /_stainless_unknown_path ℹ  info      Request received
[10:44:47 AM] › [HTTP SERVER] post /_stainless_unknown_path ✖  error     Request terminated with error: https://stoplight.io/prism/errors#NO_PATH_MATCHED_ERROR: Route not resolved, no path matched
[10:44:47 AM] › [HTTP SERVER] get /v1/devboxes/string ℹ  info      Request received
[10:44:47 AM] ›     [NEGOTIATOR] ℹ  info      Request contains an accept header: application/json
[10:44:47 AM] ›     [VALIDATOR] ✔  success   The request passed the validation rules. Looking for the best response
[10:44:47 AM] ›     [NEGOTIATOR] ✔  success   Found a compatible content for application/json
[10:44:47 AM] ›     [NEGOTIATOR] ✔  success   Responding with the requested status code 200
[10:44:47 AM] ›     [NEGOTIATOR] ℹ  info      > Responding with "200"
[10:44:47 AM] › [HTTP SERVER] get /_stainless_unknown_path ℹ  info      Request received
[10:44:47 AM] › [HTTP SERVER] get /_stainless_unknown_path ✖  error     Request terminated with error: https://stoplight.io/prism/errors#NO_PATH_MATCHED_ERROR: Route not resolved, no path matched
[10:44:47 AM] › [HTTP SERVER] get /v1/devboxes ℹ  info      Request received
[10:44:47 AM] ›     [NEGOTIATOR] ℹ  info      Request contains an accept header: application/json
[10:44:47 AM] ›     [VALIDATOR] ✔  success   The request passed the validation rules. Looking for the best response
[10:44:47 AM] ›     [NEGOTIATOR] ✔  success   Found a compatible content for application/json
[10:44:47 AM] ›     [NEGOTIATOR] ✔  success   Responding with the requested status code 200
[10:44:47 AM] ›     [NEGOTIATOR] ℹ  info      > Responding with "200"
[10:44:47 AM] › [HTTP SERVER] get /_stainless_unknown_path ℹ  info      Request received
[10:44:47 AM] › [HTTP SERVER] get /_stainless_unknown_path ✖  error     Request terminated with error: https://stoplight.io/prism/errors#NO_PATH_MATCHED_ERROR: Route not resolved, no path matched
[10:44:47 AM] › [HTTP SERVER] post /v1/sessions/sessions ℹ  info      Request received
[10:44:47 AM] ›     [NEGOTIATOR] ℹ  info      Request contains an accept header: application/json
[10:44:47 AM] ›     [VALIDATOR] ✔  success   The request passed the validation rules. Looking for the best response
[10:44:47 AM] ›     [NEGOTIATOR] ✔  success   Found a compatible content for application/json
[10:44:47 AM] ›     [NEGOTIATOR] ✔  success   Responding with the requested status code 200
[10:44:47 AM] ›     [NEGOTIATOR] ℹ  info      > Responding with "200"
[10:44:47 AM] › [HTTP SERVER] get /_stainless_unknown_path ℹ  info      Request received
[10:44:47 AM] › [HTTP SERVER] get /_stainless_unknown_path ✖  error     Request terminated with error: https://stoplight.io/prism/errors#NO_PATH_MATCHED_ERROR: Route not resolved, no path matched
[10:44:47 AM] › [HTTP SERVER] post /v1/devboxes/string/shutdown ℹ  info      Request received
[10:44:47 AM] ›     [NEGOTIATOR] ℹ  info      Request contains an accept header: application/json
[10:44:47 AM] ›     [VALIDATOR] ✔  success   The request passed the validation rules. Looking for the best response
[10:44:47 AM] ›     [NEGOTIATOR] ✔  success   Found a compatible content for application/json
[10:44:47 AM] ›     [NEGOTIATOR] ✔  success   Responding with the requested status code 200
[10:44:47 AM] ›     [NEGOTIATOR] ℹ  info      > Responding with "200"
[10:44:47 AM] › [HTTP SERVER] post /_stainless_unknown_path ℹ  info      Request received
[10:44:47 AM] › [HTTP SERVER] post /_stainless_unknown_path ✖  error     Request terminated with error: https://stoplight.io/prism/errors#NO_PATH_MATCHED_ERROR: Route not resolved, no path matched
[10:44:47 AM] › [HTTP SERVER] post /_stainless_unknown_path ℹ  info      Request received
[10:44:47 AM] › [HTTP SERVER] post /_stainless_unknown_path ✖  error     Request terminated with error: https://stoplight.io/prism/errors#NO_PATH_MATCHED_ERROR: Route not resolved, no path matched
[10:44:47 AM] › [HTTP SERVER] get /v1/sessions/sessions ℹ  info      Request received
[10:44:47 AM] ›     [NEGOTIATOR] ℹ  info      Request contains an accept header: application/json
[10:44:47 AM] ›     [VALIDATOR] ✔  success   The request passed the validation rules. Looking for the best response
[10:44:47 AM] ›     [NEGOTIATOR] ✔  success   Found a compatible content for application/json
[10:44:47 AM] ›     [NEGOTIATOR] ✔  success   Responding with the requested status code 200
[10:44:47 AM] ›     [NEGOTIATOR] ℹ  info      > Responding with "200"
[10:44:47 AM] › [HTTP SERVER] get /_stainless_unknown_path ℹ  info      Request received
[10:44:47 AM] › [HTTP SERVER] get /_stainless_unknown_path ✖  error     Request terminated with error: https://stoplight.io/prism/errors#NO_PATH_MATCHED_ERROR: Route not resolved, no path matched
[10:44:47 AM] › [HTTP SERVER] get /v1/sessions/sessions/string/kv ℹ  info      Request received
[10:44:47 AM] ›     [NEGOTIATOR] ℹ  info      Request contains an accept header: application/json
[10:44:47 AM] ›     [VALIDATOR] ✔  success   The request passed the validation rules. Looking for the best response
[10:44:47 AM] ›     [NEGOTIATOR] ✔  success   Found a compatible content for application/json
[10:44:47 AM] ›     [NEGOTIATOR] ✔  success   Responding with the requested status code 200
[10:44:47 AM] ›     [NEGOTIATOR] ℹ  info      > Responding with "200"
[10:44:47 AM] › [HTTP SERVER] get /_stainless_unknown_path ℹ  info      Request received
[10:44:47 AM] › [HTTP SERVER] get /_stainless_unknown_path ✖  error     Request terminated with error: https://stoplight.io/prism/errors#NO_PATH_MATCHED_ERROR: Route not resolved, no path matched
[10:44:47 AM] › [HTTP SERVER] get /_stainless_unknown_path ℹ  info      Request received
[10:44:47 AM] › [HTTP SERVER] get /_stainless_unknown_path ✖  error     Request terminated with error: https://stoplight.io/prism/errors#NO_PATH_MATCHED_ERROR: Route not resolved, no path matched
[10:44:47 AM] › [HTTP SERVER] get /v1/functions/invocations/string/spans ℹ  info      Request received
[10:44:47 AM] ›     [NEGOTIATOR] ℹ  info      Request contains an accept header: application/json
[10:44:47 AM] ›     [VALIDATOR] ✔  success   The request passed the validation rules. Looking for the best response
[10:44:47 AM] ›     [NEGOTIATOR] ✔  success   Found a compatible content for application/json
[10:44:47 AM] ›     [NEGOTIATOR] ✔  success   Responding with the requested status code 200
[10:44:47 AM] ›     [NEGOTIATOR] ℹ  info      > Responding with "200"
[10:44:47 AM] › [HTTP SERVER] get /_stainless_unknown_path ℹ  info      Request received
[10:44:47 AM] › [HTTP SERVER] get /_stainless_unknown_path ✖  error     Request terminated with error: https://stoplight.io/prism/errors#NO_PATH_MATCHED_ERROR: Route not resolved, no path matched
[10:44:47 AM] › [HTTP SERVER] get /v1/functions/invocations/string ℹ  info      Request received
[10:44:47 AM] ›     [NEGOTIATOR] ℹ  info      Request contains an accept header: application/json
[10:44:47 AM] ›     [VALIDATOR] ✔  success   The request passed the validation rules. Looking for the best response
[10:44:47 AM] ›     [NEGOTIATOR] ✔  success   Found a compatible content for application/json
[10:44:47 AM] ›     [NEGOTIATOR] ✔  success   Responding with the requested status code 200
[10:44:47 AM] ›     [NEGOTIATOR] ℹ  info      > Responding with "200"
[10:44:47 AM] › [HTTP SERVER] get /_stainless_unknown_path ℹ  info      Request received
[10:44:47 AM] › [HTTP SERVER] get /_stainless_unknown_path ✖  error     Request terminated with error: https://stoplight.io/prism/errors#NO_PATH_MATCHED_ERROR: Route not resolved, no path matched
[10:44:47 AM] › [HTTP SERVER] get /v1/functions/invocations ℹ  info      Request received
[10:44:47 AM] ›     [NEGOTIATOR] ℹ  info      Request contains an accept header: application/json
[10:44:47 AM] ›     [VALIDATOR] ✔  success   The request passed the validation rules. Looking for the best response
[10:44:47 AM] ›     [NEGOTIATOR] ✔  success   Found a compatible content for application/json
[10:44:47 AM] ›     [NEGOTIATOR] ✔  success   Responding with the requested status code 200
[10:44:47 AM] ›     [NEGOTIATOR] ℹ  info      > Responding with "200"
[10:44:47 AM] › [HTTP SERVER] get /_stainless_unknown_path ℹ  info      Request received
[10:44:47 AM] › [HTTP SERVER] get /_stainless_unknown_path ✖  error     Request terminated with error: https://stoplight.io/prism/errors#NO_PATH_MATCHED_ERROR: Route not resolved, no path matched
[10:44:47 AM] › [HTTP SERVER] post /v1/functions/invocations/string/kill ℹ  info      Request received
[10:44:47 AM] ›     [NEGOTIATOR] ℹ  info      Request contains an accept header: application/json
[10:44:47 AM] ›     [VALIDATOR] ✔  success   The request passed the validation rules. Looking for the best response
[10:44:47 AM] ›     [NEGOTIATOR] ✔  success   Found a compatible content for application/json
[10:44:47 AM] ›     [NEGOTIATOR] ✔  success   Responding with the requested status code 200
[10:44:47 AM] ›     [NEGOTIATOR] ℹ  info      > Responding with "200"
[10:44:47 AM] › [HTTP SERVER] post /_stainless_unknown_path ℹ  info      Request received
[10:44:47 AM] › [HTTP SERVER] post /_stainless_unknown_path ✖  error     Request terminated with error: https://stoplight.io/prism/errors#NO_PATH_MATCHED_ERROR: Route not resolved, no path matched
[10:44:47 AM] › [HTTP SERVER] get /v1/projects ℹ  info      Request received
[10:44:47 AM] ›     [NEGOTIATOR] ℹ  info      Request contains an accept header: application/json
[10:44:47 AM] ›     [VALIDATOR] ✔  success   The request passed the validation rules. Looking for the best response
[10:44:47 AM] ›     [NEGOTIATOR] ✔  success   Found a compatible content for application/json
[10:44:47 AM] ›     [NEGOTIATOR] ✔  success   Responding with the requested status code 200
[10:44:47 AM] ›     [NEGOTIATOR] ℹ  info      > Responding with "200"
[10:44:47 AM] › [HTTP SERVER] get /_stainless_unknown_path ℹ  info      Request received
[10:44:47 AM] › [HTTP SERVER] get /_stainless_unknown_path ✖  error     Request terminated with error: https://stoplight.io/prism/errors#NO_PATH_MATCHED_ERROR: Route not resolved, no path matched
[10:44:47 AM] › [HTTP SERVER] get /v1/projects/string/logs ℹ  info      Request received
[10:44:47 AM] ›     [NEGOTIATOR] ℹ  info      Request contains an accept header: application/json
[10:44:47 AM] ›     [VALIDATOR] ✔  success   The request passed the validation rules. Looking for the best response
[10:44:47 AM] ›     [NEGOTIATOR] ✔  success   Found a compatible content for application/json
[10:44:47 AM] ›     [NEGOTIATOR] ✔  success   Responding with the requested status code 200
[10:44:47 AM] ›     [NEGOTIATOR] ℹ  info      > Responding with "200"
[10:44:47 AM] › [HTTP SERVER] get /_stainless_unknown_path ℹ  info      Request received
[10:44:47 AM] › [HTTP SERVER] get /_stainless_unknown_path ✖  error     Request terminated with error: https://stoplight.io/prism/errors#NO_PATH_MATCHED_ERROR: Route not resolved, no path matched
[10:44:47 AM] › [HTTP SERVER] get /v1/functions/openapi ℹ  info      Request received
[10:44:47 AM] ›     [NEGOTIATOR] ℹ  info      Request contains an accept header: application/json
[10:44:47 AM] ›     [VALIDATOR] ✔  success   The request passed the validation rules. Looking for the best response
[10:44:47 AM] ›     [NEGOTIATOR] ✔  success   Found a compatible content for application/json
[10:44:47 AM] ›     [NEGOTIATOR] ✔  success   Responding with the requested status code 200
[10:44:47 AM] ›     [NEGOTIATOR] ℹ  info      > Responding with "200"
[10:44:47 AM] › [HTTP SERVER] get /_stainless_unknown_path ℹ  info      Request received
[10:44:47 AM] › [HTTP SERVER] get /_stainless_unknown_path ✖  error     Request terminated with error: https://stoplight.io/prism/errors#NO_PATH_MATCHED_ERROR: Route not resolved, no path matched
[10:44:47 AM] › [HTTP SERVER] get /v1/functions ℹ  info      Request received
[10:44:47 AM] ›     [NEGOTIATOR] ℹ  info      Request contains an accept header: application/json
[10:44:47 AM] ›     [VALIDATOR] ✔  success   The request passed the validation rules. Looking for the best response
[10:44:47 AM] ›     [NEGOTIATOR] ✔  success   Found a compatible content for application/json
[10:44:47 AM] ›     [NEGOTIATOR] ✔  success   Responding with the requested status code 200
[10:44:47 AM] ›     [NEGOTIATOR] ℹ  info      > Responding with "200"
[10:44:47 AM] › [HTTP SERVER] get /_stainless_unknown_path ℹ  info      Request received
[10:44:47 AM] › [HTTP SERVER] get /_stainless_unknown_path ✖  error     Request terminated with error: https://stoplight.io/prism/errors#NO_PATH_MATCHED_ERROR: Route not resolved, no path matched
[10:44:47 AM] › [HTTP SERVER] post /v1/functions/string/string/invoke_async ℹ  info      Request received
[10:44:47 AM] ›     [NEGOTIATOR] ℹ  info      Request contains an accept header: application/json
[10:44:47 AM] ›     [VALIDATOR] ✔  success   The request passed the validation rules. Looking for the best response
[10:44:47 AM] ›     [NEGOTIATOR] ✔  success   Found a compatible content for application/json
[10:44:47 AM] ›     [NEGOTIATOR] ✔  success   Responding with the requested status code 200
[10:44:47 AM] ›     [NEGOTIATOR] ℹ  info      > Responding with "200"
[10:44:47 AM] › [HTTP SERVER] post /v1/functions/string/string/invoke_async ℹ  info      Request received
[10:44:47 AM] ›     [NEGOTIATOR] ℹ  info      Request contains an accept header: application/json
[10:44:47 AM] ›     [VALIDATOR] ✔  success   The request passed the validation rules. Looking for the best response
[10:44:47 AM] ›     [NEGOTIATOR] ✔  success   Found a compatible content for application/json
[10:44:47 AM] ›     [NEGOTIATOR] ✔  success   Responding with the requested status code 200
[10:44:47 AM] ›     [NEGOTIATOR] ℹ  info      > Responding with "200"
[10:44:47 AM] › [HTTP SERVER] post /v1/functions/string/string/invoke_sync ℹ  info      Request received
[10:44:47 AM] ›     [NEGOTIATOR] ℹ  info      Request contains an accept header: application/json
[10:44:47 AM] ›     [VALIDATOR] ✔  success   The request passed the validation rules. Looking for the best response
[10:44:47 AM] ›     [NEGOTIATOR] ✔  success   Found a compatible content for application/json
[10:44:47 AM] ›     [NEGOTIATOR] ✔  success   Responding with the requested status code 200
[10:44:47 AM] ›     [NEGOTIATOR] ℹ  info      > Responding with "200"
[10:44:47 AM] › [HTTP SERVER] post /v1/functions/string/string/invoke_sync ℹ  info      Request received
[10:44:47 AM] ›     [NEGOTIATOR] ℹ  info      Request contains an accept header: application/json
[10:44:47 AM] ›     [VALIDATOR] ✔  success   The request passed the validation rules. Looking for the best response
[10:44:47 AM] ›     [NEGOTIATOR] ✔  success   Found a compatible content for application/json
[10:44:47 AM] ›     [NEGOTIATOR] ✔  success   Responding with the requested status code 200
[10:44:47 AM] ›     [NEGOTIATOR] ℹ  info      > Responding with "200"
[10:44:47 AM] › [HTTP SERVER] get /v1/devboxes/string/logs ℹ  info      Request received
[10:44:47 AM] ›     [NEGOTIATOR] ℹ  info      Request contains an accept header: application/json
[10:44:47 AM] ›     [VALIDATOR] ✔  success   The request passed the validation rules. Looking for the best response
[10:44:47 AM] ›     [NEGOTIATOR] ✔  success   Found a compatible content for application/json
[10:44:47 AM] ›     [NEGOTIATOR] ✔  success   Responding with the requested status code 200
[10:44:47 AM] ›     [NEGOTIATOR] ℹ  info      > Responding with "200"
[10:44:47 AM] › [HTTP SERVER] get /_stainless_unknown_path ℹ  info      Request received
[10:44:47 AM] › [HTTP SERVER] get /_stainless_unknown_path ✖  error     Request terminated with error: https://stoplight.io/prism/errors#NO_PATH_MATCHED_ERROR: Route not resolved, no path matched
[10:44:47 AM] › [HTTP SERVER] post /v1/devboxes ℹ  info      Request received
[10:44:47 AM] ›     [NEGOTIATOR] ℹ  info      Request contains an accept header: application/json
[10:44:47 AM] ›     [VALIDATOR] ✔  success   The request passed the validation rules. Looking for the best response
[10:44:47 AM] ›     [NEGOTIATOR] ✔  success   Found a compatible content for application/json
[10:44:47 AM] ›     [NEGOTIATOR] ✔  success   Responding with the requested status code 200
[10:44:47 AM] ›     [NEGOTIATOR] ℹ  info      > Responding with "200"
[10:44:47 AM] › [HTTP SERVER] post /_stainless_unknown_path ℹ  info      Request received
[10:44:47 AM] › [HTTP SERVER] post /_stainless_unknown_path ✖  error     Request terminated with error: https://stoplight.io/prism/errors#NO_PATH_MATCHED_ERROR: Route not resolved, no path matched
[10:44:47 AM] › [HTTP SERVER] post /_stainless_unknown_path ℹ  info      Request received
[10:44:47 AM] › [HTTP SERVER] post /_stainless_unknown_path ✖  error     Request terminated with error: https://stoplight.io/prism/errors#NO_PATH_MATCHED_ERROR: Route not resolved, no path matched
[10:44:47 AM] › [HTTP SERVER] get /v1/devboxes/string ℹ  info      Request received
[10:44:47 AM] ›     [NEGOTIATOR] ℹ  info      Request contains an accept header: application/json
[10:44:47 AM] ›     [VALIDATOR] ✔  success   The request passed the validation rules. Looking for the best response
[10:44:47 AM] ›     [NEGOTIATOR] ✔  success   Found a compatible content for application/json
[10:44:47 AM] ›     [NEGOTIATOR] ✔  success   Responding with the requested status code 200
[10:44:47 AM] ›     [NEGOTIATOR] ℹ  info      > Responding with "200"
[10:44:47 AM] › [HTTP SERVER] get /_stainless_unknown_path ℹ  info      Request received
[10:44:47 AM] › [HTTP SERVER] get /_stainless_unknown_path ✖  error     Request terminated with error: https://stoplight.io/prism/errors#NO_PATH_MATCHED_ERROR: Route not resolved, no path matched
[10:44:47 AM] › [HTTP SERVER] get /v1/devboxes ℹ  info      Request received
[10:44:47 AM] ›     [NEGOTIATOR] ℹ  info      Request contains an accept header: application/json
[10:44:47 AM] ›     [VALIDATOR] ✔  success   The request passed the validation rules. Looking for the best response
[10:44:47 AM] ›     [NEGOTIATOR] ✔  success   Found a compatible content for application/json
[10:44:47 AM] ›     [NEGOTIATOR] ✔  success   Responding with the requested status code 200
[10:44:47 AM] ›     [NEGOTIATOR] ℹ  info      > Responding with "200"
[10:44:47 AM] › [HTTP SERVER] get /_stainless_unknown_path ℹ  info      Request received
[10:44:47 AM] › [HTTP SERVER] get /_stainless_unknown_path ✖  error     Request terminated with error: https://stoplight.io/prism/errors#NO_PATH_MATCHED_ERROR: Route not resolved, no path matched
[10:44:47 AM] › [HTTP SERVER] get /_stainless_unknown_path ℹ  info      Request received
[10:44:47 AM] › [HTTP SERVER] get /_stainless_unknown_path ✖  error     Request terminated with error: https://stoplight.io/prism/errors#NO_PATH_MATCHED_ERROR: Route not resolved, no path matched
[10:44:47 AM] › [HTTP SERVER] post /v1/devboxes/string/shutdown ℹ  info      Request received
[10:44:47 AM] ›     [NEGOTIATOR] ℹ  info      Request contains an accept header: application/json
[10:44:47 AM] ›     [VALIDATOR] ✔  success   The request passed the validation rules. Looking for the best response
[10:44:47 AM] ›     [NEGOTIATOR] ✔  success   Found a compatible content for application/json
[10:44:47 AM] ›     [NEGOTIATOR] ✔  success   Responding with the requested status code 200
[10:44:47 AM] ›     [NEGOTIATOR] ℹ  info      > Responding with "200"
[10:44:47 AM] › [HTTP SERVER] post /_stainless_unknown_path ℹ  info      Request received
[10:44:47 AM] › [HTTP SERVER] post /_stainless_unknown_path ✖  error     Request terminated with error: https://stoplight.io/prism/errors#NO_PATH_MATCHED_ERROR: Route not resolved, no path matched
[10:44:48 AM] › [HTTP SERVER] post /v1/latches/string ℹ  info      Request received
[10:44:48 AM] ›     [NEGOTIATOR] ℹ  info      Request contains an accept header: application/json
[10:44:48 AM] ›     [VALIDATOR] ✔  success   The request passed the validation rules. Looking for the best response
[10:44:48 AM] ›     [NEGOTIATOR] ✔  success   Found a compatible content for application/json
[10:44:48 AM] ›     [NEGOTIATOR] ✔  success   Responding with the requested status code 200
[10:44:48 AM] ›     [NEGOTIATOR] ℹ  info      > Responding with "200"
[10:44:48 AM] › [HTTP SERVER] post /v1/latches/string ℹ  info      Request received
[10:44:48 AM] ›     [NEGOTIATOR] ℹ  info      Request contains an accept header: application/json
[10:44:48 AM] ›     [VALIDATOR] ✔  success   The request passed the validation rules. Looking for the best response
[10:44:48 AM] ›     [NEGOTIATOR] ✔  success   Found a compatible content for application/json
[10:44:48 AM] ›     [NEGOTIATOR] ✔  success   Responding with the requested status code 200
[10:44:48 AM] ›     [NEGOTIATOR] ℹ  info      > Responding with "200"
[10:44:48 AM] › [HTTP SERVER] post /v1/code_handles ℹ  info      Request received
[10:44:48 AM] ›     [NEGOTIATOR] ℹ  info      Request contains an accept header: application/json
[10:44:48 AM] ›     [VALIDATOR] ✔  success   The request passed the validation rules. Looking for the best response
[10:44:48 AM] ›     [NEGOTIATOR] ✔  success   Found a compatible content for application/json
[10:44:48 AM] ›     [NEGOTIATOR] ✔  success   Responding with the requested status code 200
[10:44:48 AM] ›     [NEGOTIATOR] ℹ  info      > Responding with "200"
[10:44:48 AM] › [HTTP SERVER] post /_stainless_unknown_path ℹ  info      Request received
[10:44:48 AM] › [HTTP SERVER] post /_stainless_unknown_path ✖  error     Request terminated with error: https://stoplight.io/prism/errors#NO_PATH_MATCHED_ERROR: Route not resolved, no path matched
[10:44:48 AM] › [HTTP SERVER] post /_stainless_unknown_path ℹ  info      Request received
[10:44:48 AM] › [HTTP SERVER] post /_stainless_unknown_path ✖  error     Request terminated with error: https://stoplight.io/prism/errors#NO_PATH_MATCHED_ERROR: Route not resolved, no path matched
[10:44:48 AM] › [HTTP SERVER] get /v1/code_handles ℹ  info      Request received
[10:44:48 AM] ›     [NEGOTIATOR] ℹ  info      Request contains an accept header: application/json
[10:44:48 AM] ›     [VALIDATOR] ✔  success   The request passed the validation rules. Looking for the best response
[10:44:48 AM] ›     [NEGOTIATOR] ✔  success   Found a compatible content for application/json
[10:44:48 AM] ›     [NEGOTIATOR] ✔  success   Responding with the requested status code 200
[10:44:48 AM] ›     [NEGOTIATOR] ℹ  info      > Responding with "200"
[10:44:48 AM] › [HTTP SERVER] get /_stainless_unknown_path ℹ  info      Request received
[10:44:48 AM] › [HTTP SERVER] get /_stainless_unknown_path ✖  error     Request terminated with error: https://stoplight.io/prism/errors#NO_PATH_MATCHED_ERROR: Route not resolved, no path matched
[10:44:48 AM] › [HTTP SERVER] get /_stainless_unknown_path ℹ  info      Request received
[10:44:48 AM] › [HTTP SERVER] get /_stainless_unknown_path ✖  error     Request terminated with error: https://stoplight.io/prism/errors#NO_PATH_MATCHED_ERROR: Route not resolved, no path matched
